<?xml version="1.0" encoding="UTF-8"?>
<!-- Generated by org.testng.reporters.JUnitXMLReporter -->
<testsuite ignored="0" hostname="Samuel.local" failures="0" tests="7" name="Regression Tests" time="2.105" errors="0" timestamp="2022-03-08T21:30:54 GMT">
  <testcase classname="org.jsonplaceholder.GetSamples" name="ValidateCompany" time="1.156"/>
  <testcase classname="org.jsonplaceholder.GetSamples" name="createNewPost" time="0.267"/>
  <testcase classname="org.jsonplaceholder.GetSamples" name="deleteUser2_Test" time="0.309"/>
  <testcase classname="org.jsonplaceholder.GetSamples" name="getAllUsersTest" time="0.056"/>
  <testcase classname="org.jsonplaceholder.GetSamples" name="getBodyJsonPath" time="0.135"/>
  <testcase classname="org.jsonplaceholder.GetSamples" name="getNestedPostUsing_QueryParam" time="0.113"/>
  <testcase classname="org.jsonplaceholder.GetSamples" name="getauserAndValidateUsername" time="0.066"/>
</testsuite> <!-- Regression Tests -->
