<?xml version="1.0" encoding="UTF-8"?>
<testsuite xmlns:xsi="http://www.w3.org/2001/XMLSchema-instance" xsi:noNamespaceSchemaLocation="https://maven.apache.org/surefire/maven-surefire-plugin/xsd/surefire-test-report.xsd" name="TestSuite" time="7.081" tests="16" errors="0" skipped="0" failures="0">
  <properties>
[...]
</properties>
  <testcase name="allUsers_on_regres" classname="regres.Test_Hamcrest_Matcher" time="2.577"/>
  <testcase name="getListofUsers" classname="regres.Test_Hamcrest_Matcher" time="0.489"/>
  <testcase name="validate_anyOff" classname="regres.Test_Hamcrest_Matcher" time="0.146"/>
  <testcase name="validate_body_has_items" classname="regres.Test_Hamcrest_Matcher" time="0.253"/>
  <testcase name="validate_instanceOf" classname="regres.Test_Hamcrest_Matcher" time="0.402"/>
  <testcase name="validate_record1" classname="regres.Test_Hamcrest_Matcher" time="0.073"/>
  <testcase name="validate_response_size" classname="regres.Test_Hamcrest_Matcher" time="0.119"/>
  <testcase name="postUser" classname="regres.Test_Post_Put" time="0.341"/>
  <testcase name="putTest_On_Regres" classname="regres.Test_Post_Put" time="0.17"/>
  <testcase name="ValidateCompany" classname="org.jsonplaceholder.GetSamples" time="1.167"/>
  <testcase name="createNewPost" classname="org.jsonplaceholder.GetSamples" time="0.256"/>
  <testcase name="deleteUser2_Test" classname="org.jsonplaceholder.GetSamples" time="0.31"/>
  <testcase name="getAllUsersTest" classname="org.jsonplaceholder.GetSamples" time="0.065"/>
  <testcase name="getBodyJsonPath" classname="org.jsonplaceholder.GetSamples" time="0.197"/>
  <testcase name="getNestedPostUsing_QueryParam" classname="org.jsonplaceholder.GetSamples" time="0.05"/>
  <testcase name="getauserAndValidateUsername" classname="org.jsonplaceholder.GetSamples" time="0.071"/>
</testsuite>