<?xml version="1.0" encoding="UTF-8"?>
<!-- Generated by org.testng.reporters.JUnitXMLReporter -->
<testsuite ignored="0" hostname="Samuel.local" failures="0" tests="9" name="Functional_Test" time="4.595" errors="0" timestamp="2022-03-08T21:30:52 GMT">
  <testcase classname="regres.Test_Hamcrest_Matcher" name="allUsers_on_regres" time="2.572"/>
  <testcase classname="regres.Test_Hamcrest_Matcher" name="getListofUsers" time="0.495"/>
  <testcase classname="regres.Test_Hamcrest_Matcher" name="validate_anyOff" time="0.144"/>
  <testcase classname="regres.Test_Hamcrest_Matcher" name="validate_body_has_items" time="0.252"/>
  <testcase classname="regres.Test_Hamcrest_Matcher" name="validate_instanceOf" time="0.402"/>
  <testcase classname="regres.Test_Hamcrest_Matcher" name="validate_record1" time="0.073"/>
  <testcase classname="regres.Test_Hamcrest_Matcher" name="validate_response_size" time="0.118"/>
  <testcase classname="regres.Test_Post_Put" name="postUser" time="0.342"/>
  <testcase classname="regres.Test_Post_Put" name="putTest_On_Regres" time="0.169"/>
</testsuite> <!-- Functional_Test -->
